2019-Oct-10 09:44:32.223 INFO  [main] c.l.a.CoreApplication - No active profile set, falling back to default profiles: default
2019-Oct-10 09:44:33.976 INFO  [main] o.s.c.c.s.GenericScope - BeanFactory id=4916a475-9595-3324-9b38-b6e73e5b76ef
2019-Oct-10 09:44:34.248 INFO  [main] o.s.c.s.PostProcessorRegistrationDelegate$BeanPostProcessorChecker - Bean 'org.springframework.cloud.autoconfigure.ConfigurationPropertiesRebinderAutoConfiguration' of type [org.springframework.cloud.autoconfigure.ConfigurationPropertiesRebinderAutoConfiguration$$EnhancerBySpringCGLIB$$f91f4877] is not eligible for getting processed by all BeanPostProcessors (for example: not eligible for auto-proxying)
2019-Oct-10 09:44:35.262 INFO  [main] o.s.b.w.e.t.TomcatWebServer - Tomcat initialized with port(s): 8084 (http)
2019-Oct-10 09:44:35.518 INFO  [main] o.a.c.c.StandardService - Starting service [Tomcat]
2019-Oct-10 09:44:35.518 INFO  [main] o.a.c.c.StandardEngine - Starting Servlet engine: [Apache Tomcat/9.0.24]
2019-Oct-10 09:44:35.815 INFO  [main] o.a.c.c.C.[.[.[/] - Initializing Spring embedded WebApplicationContext
2019-Oct-10 09:44:35.815 INFO  [main] o.s.w.c.ContextLoader - Root WebApplicationContext: initialization completed in 3525 ms
2019-Oct-10 09:44:36.092 WARN  [main] c.n.c.s.URLConfigurationSource - No URLs will be polled as dynamic configuration sources.
2019-Oct-10 09:44:36.093 INFO  [main] c.n.c.s.URLConfigurationSource - To enable URLs as dynamic configuration sources, define System property archaius.configurationSource.additionalUrls or make config.properties available on classpath.
2019-Oct-10 09:44:36.109 WARN  [main] c.n.c.s.URLConfigurationSource - No URLs will be polled as dynamic configuration sources.
2019-Oct-10 09:44:36.110 INFO  [main] c.n.c.s.URLConfigurationSource - To enable URLs as dynamic configuration sources, define System property archaius.configurationSource.additionalUrls or make config.properties available on classpath.
2019-Oct-10 09:44:36.701 INFO  [main] o.s.s.c.ThreadPoolTaskExecutor - Initializing ExecutorService 'applicationTaskExecutor'
2019-Oct-10 09:44:37.866 INFO  [main] o.s.c.n.e.InstanceInfoFactory - Setting initial instance status as: STARTING
2019-Oct-10 09:44:37.974 INFO  [main] c.n.d.DiscoveryClient - Initializing Eureka in region us-east-1
2019-Oct-10 09:44:38.571 INFO  [main] c.n.d.p.DiscoveryJerseyProvider - Using JSON encoding codec LegacyJacksonJson
2019-Oct-10 09:44:38.572 INFO  [main] c.n.d.p.DiscoveryJerseyProvider - Using JSON decoding codec LegacyJacksonJson
2019-Oct-10 09:44:38.863 INFO  [main] c.n.d.p.DiscoveryJerseyProvider - Using XML encoding codec XStreamXml
2019-Oct-10 09:44:38.863 INFO  [main] c.n.d.p.DiscoveryJerseyProvider - Using XML decoding codec XStreamXml
2019-Oct-10 09:44:39.323 INFO  [main] c.n.d.s.r.a.ConfigClusterResolver - Resolving eureka endpoints via configuration
2019-Oct-10 09:44:39.373 INFO  [main] c.n.d.DiscoveryClient - Disable delta property : false
2019-Oct-10 09:44:39.373 INFO  [main] c.n.d.DiscoveryClient - Single vip registry refresh property : null
2019-Oct-10 09:44:39.373 INFO  [main] c.n.d.DiscoveryClient - Force full registry fetch : false
2019-Oct-10 09:44:39.373 INFO  [main] c.n.d.DiscoveryClient - Application is null : false
2019-Oct-10 09:44:39.374 INFO  [main] c.n.d.DiscoveryClient - Registered Applications size is zero : true
2019-Oct-10 09:44:39.374 INFO  [main] c.n.d.DiscoveryClient - Application version is -1: true
2019-Oct-10 09:44:39.374 INFO  [main] c.n.d.DiscoveryClient - Getting all instance registry info from the eureka server
2019-Oct-10 09:44:39.809 INFO  [main] c.n.d.DiscoveryClient - The response status is 200
2019-Oct-10 09:44:39.815 INFO  [main] c.n.d.DiscoveryClient - Starting heartbeat executor: renew interval is: 30
2019-Oct-10 09:44:39.821 INFO  [main] c.n.d.InstanceInfoReplicator - InstanceInfoReplicator onDemand update allowed rate per min is 4
2019-Oct-10 09:44:39.828 INFO  [main] c.n.d.DiscoveryClient - Discovery Client initialized at timestamp 1570680879825 with initial instances count: 1
2019-Oct-10 09:44:39.834 INFO  [main] o.s.c.n.e.s.EurekaServiceRegistry - Registering application CORE-SERVICE with eureka with status UP
2019-Oct-10 09:44:39.841 INFO  [main] c.n.d.DiscoveryClient - Saw local status change event StatusChangeEvent [timestamp=1570680879841, current=UP, previous=STARTING]
2019-Oct-10 09:44:39.845 INFO  [DiscoveryClient-InstanceInfoReplicator-0] c.n.d.DiscoveryClient - DiscoveryClient_CORE-SERVICE/172.16.28.18:core-service:8084: registering service...
2019-Oct-10 09:44:39.929 INFO  [main] o.s.b.w.e.t.TomcatWebServer - Tomcat started on port(s): 8084 (http) with context path ''
2019-Oct-10 09:44:39.931 INFO  [main] o.s.c.n.e.s.EurekaAutoServiceRegistration - Updating port to 8084
2019-Oct-10 09:44:39.941 INFO  [main] c.l.a.CoreApplication - Started CoreApplication in 12.65 seconds (JVM running for 13.8)
2019-Oct-10 09:44:39.968 INFO  [DiscoveryClient-InstanceInfoReplicator-0] c.n.d.DiscoveryClient - DiscoveryClient_CORE-SERVICE/172.16.28.18:core-service:8084 - registration status: 204
2019-Oct-10 09:49:39.378 INFO  [AsyncResolver-bootstrap-executor-0] c.n.d.s.r.a.ConfigClusterResolver - Resolving eureka endpoints via configuration
2019-Oct-10 09:54:39.378 INFO  [AsyncResolver-bootstrap-executor-0] c.n.d.s.r.a.ConfigClusterResolver - Resolving eureka endpoints via configuration
2019-Oct-10 09:59:39.379 INFO  [AsyncResolver-bootstrap-executor-0] c.n.d.s.r.a.ConfigClusterResolver - Resolving eureka endpoints via configuration
2019-Oct-10 10:04:39.380 INFO  [AsyncResolver-bootstrap-executor-0] c.n.d.s.r.a.ConfigClusterResolver - Resolving eureka endpoints via configuration
2019-Oct-10 10:09:39.381 INFO  [AsyncResolver-bootstrap-executor-0] c.n.d.s.r.a.ConfigClusterResolver - Resolving eureka endpoints via configuration
2019-Oct-10 10:14:39.382 INFO  [AsyncResolver-bootstrap-executor-0] c.n.d.s.r.a.ConfigClusterResolver - Resolving eureka endpoints via configuration
2019-Oct-10 10:19:39.382 INFO  [AsyncResolver-bootstrap-executor-0] c.n.d.s.r.a.ConfigClusterResolver - Resolving eureka endpoints via configuration
2019-Oct-10 10:24:39.383 INFO  [AsyncResolver-bootstrap-executor-0] c.n.d.s.r.a.ConfigClusterResolver - Resolving eureka endpoints via configuration
2019-Oct-10 10:29:39.384 INFO  [AsyncResolver-bootstrap-executor-0] c.n.d.s.r.a.ConfigClusterResolver - Resolving eureka endpoints via configuration
2019-Oct-10 10:34:39.385 INFO  [AsyncResolver-bootstrap-executor-0] c.n.d.s.r.a.ConfigClusterResolver - Resolving eureka endpoints via configuration
2019-Oct-10 10:39:39.390 INFO  [AsyncResolver-bootstrap-executor-0] c.n.d.s.r.a.ConfigClusterResolver - Resolving eureka endpoints via configuration
2019-Oct-10 10:44:39.391 INFO  [AsyncResolver-bootstrap-executor-0] c.n.d.s.r.a.ConfigClusterResolver - Resolving eureka endpoints via configuration
2019-Oct-10 10:49:39.392 INFO  [AsyncResolver-bootstrap-executor-0] c.n.d.s.r.a.ConfigClusterResolver - Resolving eureka endpoints via configuration
2019-Oct-10 10:54:39.393 INFO  [AsyncResolver-bootstrap-executor-0] c.n.d.s.r.a.ConfigClusterResolver - Resolving eureka endpoints via configuration
2019-Oct-10 10:59:39.393 INFO  [AsyncResolver-bootstrap-executor-0] c.n.d.s.r.a.ConfigClusterResolver - Resolving eureka endpoints via configuration
2019-Oct-10 11:01:51.259 INFO  [http-nio-8084-exec-1] o.a.c.c.C.[.[.[/] - Initializing Spring DispatcherServlet 'dispatcherServlet'
2019-Oct-10 11:01:51.260 INFO  [http-nio-8084-exec-1] o.s.w.s.DispatcherServlet - Initializing Servlet 'dispatcherServlet'
2019-Oct-10 11:01:51.342 INFO  [http-nio-8084-exec-1] o.s.w.s.DispatcherServlet - Completed initialization in 76 ms
2019-Oct-10 11:01:51.450 INFO  [http-nio-8084-exec-1] c.l.c.EntityController - policyAM1020
2019-Oct-10 11:02:04.377 INFO  [http-nio-8084-exec-3] c.l.c.EntityController - policyAM1020
2019-Oct-10 11:03:20.800 INFO  [http-nio-8084-exec-5] c.l.c.EntityController - policyAM1020
2019-Oct-10 11:03:22.258 INFO  [http-nio-8084-exec-6] c.l.c.EntityController - policyAM1020
2019-Oct-10 11:04:03.731 INFO  [http-nio-8084-exec-8] c.l.c.EntityController - policyAM1020
2019-Oct-10 11:04:39.441 INFO  [AsyncResolver-bootstrap-executor-0] c.n.d.s.r.a.ConfigClusterResolver - Resolving eureka endpoints via configuration
2019-Oct-10 11:09:39.441 INFO  [AsyncResolver-bootstrap-executor-0] c.n.d.s.r.a.ConfigClusterResolver - Resolving eureka endpoints via configuration
2019-Oct-10 11:14:39.442 INFO  [AsyncResolver-bootstrap-executor-0] c.n.d.s.r.a.ConfigClusterResolver - Resolving eureka endpoints via configuration
2019-Oct-10 11:15:12.608 INFO  [http-nio-8084-exec-10] c.l.c.EntityController - policyAM1020
2019-Oct-10 11:19:39.444 INFO  [AsyncResolver-bootstrap-executor-0] c.n.d.s.r.a.ConfigClusterResolver - Resolving eureka endpoints via configuration
2019-Oct-10 11:22:13.661 INFO  [http-nio-8084-exec-2] c.l.c.EntityController - policyAM1020
2019-Oct-10 11:24:39.444 INFO  [AsyncResolver-bootstrap-executor-0] c.n.d.s.r.a.ConfigClusterResolver - Resolving eureka endpoints via configuration
2019-Oct-10 11:29:39.445 INFO  [AsyncResolver-bootstrap-executor-0] c.n.d.s.r.a.ConfigClusterResolver - Resolving eureka endpoints via configuration
2019-Oct-10 11:34:39.446 INFO  [AsyncResolver-bootstrap-executor-0] c.n.d.s.r.a.ConfigClusterResolver - Resolving eureka endpoints via configuration
2019-Oct-10 11:39:39.446 INFO  [AsyncResolver-bootstrap-executor-0] c.n.d.s.r.a.ConfigClusterResolver - Resolving eureka endpoints via configuration
2019-Oct-10 11:44:39.463 INFO  [AsyncResolver-bootstrap-executor-0] c.n.d.s.r.a.ConfigClusterResolver - Resolving eureka endpoints via configuration
2019-Oct-10 11:49:39.464 INFO  [AsyncResolver-bootstrap-executor-0] c.n.d.s.r.a.ConfigClusterResolver - Resolving eureka endpoints via configuration
2019-Oct-10 11:54:39.464 INFO  [AsyncResolver-bootstrap-executor-0] c.n.d.s.r.a.ConfigClusterResolver - Resolving eureka endpoints via configuration
2019-Oct-10 11:59:39.465 INFO  [AsyncResolver-bootstrap-executor-0] c.n.d.s.r.a.ConfigClusterResolver - Resolving eureka endpoints via configuration
2019-Oct-10 12:04:39.466 INFO  [AsyncResolver-bootstrap-executor-0] c.n.d.s.r.a.ConfigClusterResolver - Resolving eureka endpoints via configuration
2019-Oct-10 12:09:39.467 INFO  [AsyncResolver-bootstrap-executor-0] c.n.d.s.r.a.ConfigClusterResolver - Resolving eureka endpoints via configuration
2019-Oct-10 12:14:39.468 INFO  [AsyncResolver-bootstrap-executor-0] c.n.d.s.r.a.ConfigClusterResolver - Resolving eureka endpoints via configuration
2019-Oct-10 12:19:39.468 INFO  [AsyncResolver-bootstrap-executor-0] c.n.d.s.r.a.ConfigClusterResolver - Resolving eureka endpoints via configuration
2019-Oct-10 12:24:39.469 INFO  [AsyncResolver-bootstrap-executor-0] c.n.d.s.r.a.ConfigClusterResolver - Resolving eureka endpoints via configuration
2019-Oct-10 12:29:39.470 INFO  [AsyncResolver-bootstrap-executor-0] c.n.d.s.r.a.ConfigClusterResolver - Resolving eureka endpoints via configuration
2019-Oct-10 12:34:39.470 INFO  [AsyncResolver-bootstrap-executor-0] c.n.d.s.r.a.ConfigClusterResolver - Resolving eureka endpoints via configuration
2019-Oct-10 12:39:39.471 INFO  [AsyncResolver-bootstrap-executor-0] c.n.d.s.r.a.ConfigClusterResolver - Resolving eureka endpoints via configuration
