2019-Sep-23 10:39:00.851 INFO  [main] c.l.a.AuthApplication - No active profile set, falling back to default profiles: default
2019-Sep-23 10:39:15.124 WARN  [main] o.s.b.a.e.EndpointId - Endpoint ID 'service-registry' contains invalid characters, please migrate to a valid format.
2019-Sep-23 10:39:15.464 WARN  [main] o.s.b.a.e.EndpointId - Endpoint ID 'hystrix.stream' contains invalid characters, please migrate to a valid format.
2019-Sep-23 10:39:17.365 INFO  [main] o.s.c.c.s.GenericScope - BeanFactory id=036f1e19-5c4e-3ec4-a344-d72cce50b396
2019-Sep-23 10:39:23.249 INFO  [main] o.s.c.s.PostProcessorRegistrationDelegate$BeanPostProcessorChecker - Bean 'org.springframework.cloud.autoconfigure.ConfigurationPropertiesRebinderAutoConfiguration' of type [org.springframework.cloud.autoconfigure.ConfigurationPropertiesRebinderAutoConfiguration$$EnhancerBySpringCGLIB$$ce2d63c2] is not eligible for getting processed by all BeanPostProcessors (for example: not eligible for auto-proxying)
2019-Sep-23 10:39:30.938 INFO  [main] o.s.b.w.e.t.TomcatWebServer - Tomcat initialized with port(s): 8082 (http)
2019-Sep-23 10:39:31.262 INFO  [main] o.a.c.c.StandardService - Starting service [Tomcat]
2019-Sep-23 10:39:31.262 INFO  [main] o.a.c.c.StandardEngine - Starting Servlet engine: [Apache Tomcat/9.0.24]
2019-Sep-23 10:39:35.325 INFO  [main] o.a.c.c.C.[.[.[/] - Initializing Spring embedded WebApplicationContext
2019-Sep-23 10:39:35.326 INFO  [main] o.s.w.c.ContextLoader - Root WebApplicationContext: initialization completed in 33749 ms
2019-Sep-23 10:39:36.311 WARN  [main] c.n.c.s.URLConfigurationSource - No URLs will be polled as dynamic configuration sources.
2019-Sep-23 10:39:36.315 INFO  [main] c.n.c.s.URLConfigurationSource - To enable URLs as dynamic configuration sources, define System property archaius.configurationSource.additionalUrls or make config.properties available on classpath.
2019-Sep-23 10:39:36.499 INFO  [main] c.n.c.DynamicPropertyFactory - DynamicPropertyFactory is initialized with configuration sources: com.netflix.config.ConcurrentCompositeConfiguration@5a02bfe3
2019-Sep-23 10:39:40.097 INFO  [main] o.s.b.a.e.w.ServletEndpointRegistrar - Registered '/actuator/hystrix.stream' to hystrix.stream-actuator-endpoint
2019-Sep-23 10:39:45.329 WARN  [main] c.n.c.s.URLConfigurationSource - No URLs will be polled as dynamic configuration sources.
2019-Sep-23 10:39:45.329 INFO  [main] c.n.c.s.URLConfigurationSource - To enable URLs as dynamic configuration sources, define System property archaius.configurationSource.additionalUrls or make config.properties available on classpath.
2019-Sep-23 10:39:47.617 INFO  [main] o.s.s.c.ThreadPoolTaskExecutor - Initializing ExecutorService 'applicationTaskExecutor'
2019-Sep-23 10:39:50.358 INFO  [main] o.s.b.a.e.w.EndpointLinksResolver - Exposing 1 endpoint(s) beneath base path '/actuator'
2019-Sep-23 10:39:50.553 INFO  [main] o.s.c.n.e.InstanceInfoFactory - Setting initial instance status as: STARTING
2019-Sep-23 10:39:50.648 INFO  [main] c.n.d.DiscoveryClient - Initializing Eureka in region us-east-1
2019-Sep-23 10:39:51.578 INFO  [main] c.n.d.p.DiscoveryJerseyProvider - Using JSON encoding codec LegacyJacksonJson
2019-Sep-23 10:39:51.578 INFO  [main] c.n.d.p.DiscoveryJerseyProvider - Using JSON decoding codec LegacyJacksonJson
2019-Sep-23 10:39:52.006 INFO  [main] c.n.d.p.DiscoveryJerseyProvider - Using XML encoding codec XStreamXml
2019-Sep-23 10:39:52.006 INFO  [main] c.n.d.p.DiscoveryJerseyProvider - Using XML decoding codec XStreamXml
2019-Sep-23 10:39:56.017 INFO  [main] c.n.d.s.r.a.ConfigClusterResolver - Resolving eureka endpoints via configuration
2019-Sep-23 10:39:56.225 INFO  [main] c.n.d.DiscoveryClient - Disable delta property : false
2019-Sep-23 10:39:56.226 INFO  [main] c.n.d.DiscoveryClient - Single vip registry refresh property : null
2019-Sep-23 10:39:56.226 INFO  [main] c.n.d.DiscoveryClient - Force full registry fetch : false
2019-Sep-23 10:39:56.226 INFO  [main] c.n.d.DiscoveryClient - Application is null : false
2019-Sep-23 10:39:56.227 INFO  [main] c.n.d.DiscoveryClient - Registered Applications size is zero : true
2019-Sep-23 10:39:56.227 INFO  [main] c.n.d.DiscoveryClient - Application version is -1: true
2019-Sep-23 10:39:56.227 INFO  [main] c.n.d.DiscoveryClient - Getting all instance registry info from the eureka server
2019-Sep-23 10:39:57.375 INFO  [main] c.n.d.DiscoveryClient - The response status is 200
2019-Sep-23 10:39:57.397 INFO  [main] c.n.d.DiscoveryClient - Starting heartbeat executor: renew interval is: 30
2019-Sep-23 10:39:57.404 INFO  [main] c.n.d.InstanceInfoReplicator - InstanceInfoReplicator onDemand update allowed rate per min is 4
2019-Sep-23 10:39:57.435 INFO  [main] c.n.d.DiscoveryClient - Discovery Client initialized at timestamp 1569215397428 with initial instances count: 1
2019-Sep-23 10:39:57.446 INFO  [main] o.s.c.n.e.s.EurekaServiceRegistry - Registering application AUTH-SERVICE with eureka with status UP
2019-Sep-23 10:39:57.464 INFO  [main] c.n.d.DiscoveryClient - Saw local status change event StatusChangeEvent [timestamp=1569215397464, current=UP, previous=STARTING]
2019-Sep-23 10:39:57.483 INFO  [DiscoveryClient-InstanceInfoReplicator-0] c.n.d.DiscoveryClient - DiscoveryClient_AUTH-SERVICE/172.16.28.18:auth-service:8082: registering service...
2019-Sep-23 10:39:57.714 INFO  [DiscoveryClient-InstanceInfoReplicator-0] c.n.d.DiscoveryClient - DiscoveryClient_AUTH-SERVICE/172.16.28.18:auth-service:8082 - registration status: 204
2019-Sep-23 10:39:57.739 INFO  [main] o.s.b.w.e.t.TomcatWebServer - Tomcat started on port(s): 8082 (http) with context path ''
2019-Sep-23 10:39:57.746 INFO  [main] o.s.c.n.e.s.EurekaAutoServiceRegistration - Updating port to 8082
2019-Sep-23 10:39:57.759 INFO  [main] c.l.a.AuthApplication - Started AuthApplication in 70.113 seconds (JVM running for 77.054)
2019-Sep-23 10:42:26.913 INFO  [Thread-6] o.s.c.n.e.s.EurekaServiceRegistry - Unregistering application AUTH-SERVICE with eureka with status DOWN
2019-Sep-23 10:42:26.917 WARN  [Thread-6] c.n.d.DiscoveryClient - Saw local status change event StatusChangeEvent [timestamp=1569215546917, current=DOWN, previous=UP]
2019-Sep-23 10:42:26.918 INFO  [DiscoveryClient-InstanceInfoReplicator-0] c.n.d.DiscoveryClient - DiscoveryClient_AUTH-SERVICE/172.16.28.18:auth-service:8082: registering service...
2019-Sep-23 10:42:26.933 INFO  [DiscoveryClient-InstanceInfoReplicator-0] c.n.d.DiscoveryClient - DiscoveryClient_AUTH-SERVICE/172.16.28.18:auth-service:8082 - registration status: 204
2019-Sep-23 10:42:27.134 INFO  [Thread-6] o.s.s.c.ThreadPoolTaskExecutor - Shutting down ExecutorService 'applicationTaskExecutor'
2019-Sep-23 10:42:27.577 INFO  [Thread-6] c.n.d.DiscoveryClient - Shutting down DiscoveryClient ...
2019-Sep-23 10:42:30.578 INFO  [Thread-6] c.n.d.DiscoveryClient - Unregistering ...
2019-Sep-23 10:42:30.586 INFO  [Thread-6] c.n.d.DiscoveryClient - DiscoveryClient_AUTH-SERVICE/172.16.28.18:auth-service:8082 - deregister  status: 200
2019-Sep-23 10:42:30.610 INFO  [Thread-6] c.n.d.DiscoveryClient - Completed shut down of DiscoveryClient
